2021-02-16 10:56:28.436  INFO 10624 --- [restartedMain] c.p.g.ProvisioningGatewayApplication     : Starting ProvisioningGatewayApplication on Basharat-Ali with PID 10624 (C:\Users\basha\git\provisioninggatewaywaridNM\target\classes started by basha in C:\Users\basha\git\provisioninggatewaywaridNM)
2021-02-16 10:56:28.452  INFO 10624 --- [restartedMain] c.p.g.ProvisioningGatewayApplication     : No active profile set, falling back to default profiles: default
2021-02-16 10:56:28.604  INFO 10624 --- [restartedMain] o.s.b.devtools.restart.ChangeableUrls    : The Class-Path manifest attribute in C:\Users\basha\git\provisioninggatewaywaridNM\lib\ojdbc8-19.3.0.0.jar referenced one or more files that do not exist: file:/C:/Users/basha/git/provisioninggatewaywaridNM/lib/oraclepki.jar
2021-02-16 10:56:28.612  INFO 10624 --- [restartedMain] .e.DevToolsPropertyDefaultsPostProcessor : Devtools property defaults active! Set 'spring.devtools.add-properties' to 'false' to disable
2021-02-16 10:56:28.612  INFO 10624 --- [restartedMain] .e.DevToolsPropertyDefaultsPostProcessor : For additional web related logging consider setting the 'logging.level.web' property to 'DEBUG'
2021-02-16 10:56:31.135  INFO 10624 --- [restartedMain] .s.d.r.c.RepositoryConfigurationDelegate : Bootstrapping Spring Data JPA repositories in DEFERRED mode.
2021-02-16 10:56:31.325  INFO 10624 --- [restartedMain] .s.d.r.c.RepositoryConfigurationDelegate : Finished Spring Data repository scanning in 175ms. Found 11 JPA repository interfaces.
2021-02-16 10:56:31.796  INFO 10624 --- [restartedMain] trationDelegate$BeanPostProcessorChecker : Bean 'soapConfig' of type [com.provisioning.gateway.config.SoapConfig$$EnhancerBySpringCGLIB$$3a695a98] is not eligible for getting processed by all BeanPostProcessors (for example: not eligible for auto-proxying)
2021-02-16 10:56:31.796  INFO 10624 --- [restartedMain] trationDelegate$BeanPostProcessorChecker : Bean 'org.springframework.ws.config.annotation.DelegatingWsConfiguration' of type [org.springframework.ws.config.annotation.DelegatingWsConfiguration$$EnhancerBySpringCGLIB$$f49de2b7] is not eligible for getting processed by all BeanPostProcessors (for example: not eligible for auto-proxying)
2021-02-16 10:56:31.874  INFO 10624 --- [restartedMain] .w.s.a.s.AnnotationActionEndpointMapping : Supporting [WS-Addressing August 2004, WS-Addressing 1.0]
2021-02-16 10:56:32.487  INFO 10624 --- [restartedMain] o.s.b.w.embedded.tomcat.TomcatWebServer  : Tomcat initialized with port(s): 8081 (http)
2021-02-16 10:56:32.495  INFO 10624 --- [restartedMain] o.apache.catalina.core.StandardService   : Starting service [Tomcat]
2021-02-16 10:56:32.495  INFO 10624 --- [restartedMain] org.apache.catalina.core.StandardEngine  : Starting Servlet engine: [Apache Tomcat/9.0.36]
2021-02-16 10:56:32.639  INFO 10624 --- [restartedMain] o.a.c.c.C.[Tomcat].[localhost].[/]       : Initializing Spring embedded WebApplicationContext
2021-02-16 10:56:32.639  INFO 10624 --- [restartedMain] w.s.c.ServletWebServerApplicationContext : Root WebApplicationContext: initialization completed in 4027 ms
2021-02-16 10:56:33.952  INFO 10624 --- [restartedMain] o.s.s.concurrent.ThreadPoolTaskExecutor  : Initializing ExecutorService 'applicationTaskExecutor'
2021-02-16 10:56:34.211  INFO 10624 --- [restartedMain] o.s.ws.soap.saaj.SaajSoapMessageFactory  : Creating SAAJ 1.3 MessageFactory with SOAP 1.1 Protocol
2021-02-16 10:56:34.235  INFO 10624 --- [restartedMain] o.s.ws.soap.saaj.SaajSoapMessageFactory  : Creating SAAJ 1.3 MessageFactory with SOAP 1.1 Protocol
2021-02-16 10:56:34.585  INFO 10624 --- [task-1] com.zaxxer.hikari.HikariDataSource       : HikariPool-1 - Starting...
2021-02-16 10:56:34.585  WARN 10624 --- [task-1] com.zaxxer.hikari.util.DriverDataSource  : Registered driver with driverClassName=com.mysql.jdbc.Driver was not found, trying direct instantiation.
2021-02-16 10:56:34.585  WARN 10624 --- [restartedMain] JpaBaseConfiguration$JpaWebConfiguration : spring.jpa.open-in-view is enabled by default. Therefore, database queries may be performed during view rendering. Explicitly configure spring.jpa.open-in-view to disable this warning
2021-02-16 10:56:34.994  INFO 10624 --- [restartedMain] o.s.b.a.e.web.EndpointLinksResolver      : Exposing 15 endpoint(s) beneath base path '/actuator'
2021-02-16 10:56:35.564  INFO 10624 --- [restartedMain] o.s.ws.soap.saaj.SaajSoapMessageFactory  : Creating SAAJ 1.3 MessageFactory with SOAP 1.1 Protocol
2021-02-16 10:56:35.596  INFO 10624 --- [restartedMain] o.s.ws.soap.saaj.SaajSoapMessageFactory  : Creating SAAJ 1.3 MessageFactory with SOAP 1.1 Protocol
2021-02-16 10:56:35.628  INFO 10624 --- [restartedMain] pertySourcedRequestMappingHandlerMapping : Mapped URL path [/v2/api-docs] onto method [springfox.documentation.swagger2.web.Swagger2Controller#getDocumentation(String, HttpServletRequest)]
2021-02-16 10:56:35.860  INFO 10624 --- [task-1] com.zaxxer.hikari.HikariDataSource       : HikariPool-1 - Start completed.
2021-02-16 10:56:35.908  INFO 10624 --- [restartedMain] o.s.b.d.a.OptionalLiveReloadServer       : LiveReload server is running on port 35729
2021-02-16 10:56:37.679  INFO 10624 --- [task-1] j.LocalContainerEntityManagerFactoryBean : Initialized JPA EntityManagerFactory for persistence unit 'default'
2021-02-16 10:56:37.867  INFO 10624 --- [RMI TCP Connection(3)-127.0.0.1] o.a.c.c.C.[Tomcat].[localhost].[/]       : Initializing Spring DispatcherServlet 'dispatcherServlet'
2021-02-16 10:56:37.867  INFO 10624 --- [RMI TCP Connection(3)-127.0.0.1] o.s.web.servlet.DispatcherServlet        : Initializing Servlet 'dispatcherServlet'
2021-02-16 10:56:37.887  INFO 10624 --- [RMI TCP Connection(3)-127.0.0.1] o.s.web.servlet.DispatcherServlet        : Completed initialization in 20 ms
2021-02-16 10:56:37.958  INFO 10624 --- [restartedMain] o.s.b.w.embedded.tomcat.TomcatWebServer  : Tomcat started on port(s): 8081 (http) with context path ''
2021-02-16 10:56:37.966  INFO 10624 --- [restartedMain] d.s.w.p.DocumentationPluginsBootstrapper : Context refreshed
2021-02-16 10:56:37.998  INFO 10624 --- [restartedMain] d.s.w.p.DocumentationPluginsBootstrapper : Found 1 custom documentation plugin(s)
2021-02-16 10:56:38.103  INFO 10624 --- [restartedMain] s.d.s.w.s.ApiListingReferenceScanner     : Scanning for api listing references
2021-02-16 10:56:38.337  INFO 10624 --- [restartedMain] DeferredRepositoryInitializationListener : Triggering deferred initialization of Spring Data repositories…
2021-02-16 10:56:39.619  INFO 10624 --- [restartedMain] DeferredRepositoryInitializationListener : Spring Data repositories initialized!
2021-02-16 10:56:39.619  INFO 10624 --- [restartedMain] c.p.g.ProvisioningGatewayApplication     : Started ProvisioningGatewayApplication in 12.0 seconds (JVM running for 13.732)
2021-02-16 10:56:54.980  INFO 10624 --- [http-nio-8081-exec-1] o.a.c.c.C.[Tomcat].[localhost].[/]       : Initializing Spring MessageDispatcherServlet 'messageDispatcherServlet'
2021-02-16 10:56:54.988  INFO 10624 --- [http-nio-8081-exec-1] o.s.w.t.http.MessageDispatcherServlet    : Initializing Servlet 'messageDispatcherServlet'
2021-02-16 10:56:54.988  INFO 10624 --- [http-nio-8081-exec-1] o.s.ws.soap.saaj.SaajSoapMessageFactory  : Creating SAAJ 1.3 MessageFactory with SOAP 1.1 Protocol
2021-02-16 10:56:55.004  INFO 10624 --- [http-nio-8081-exec-1] o.s.w.t.http.MessageDispatcherServlet    : Completed initialization in 16 ms
2021-02-16 11:00:36.013  INFO 10624 --- [RMI TCP Connection(14)-127.0.0.1] inMXBeanRegistrar$SpringApplicationAdmin : Application shutdown requested.
2021-02-16 11:00:36.262  INFO 10624 --- [RMI TCP Connection(14)-127.0.0.1] j.LocalContainerEntityManagerFactoryBean : Closing JPA EntityManagerFactory for persistence unit 'default'
2021-02-16 11:00:36.270  INFO 10624 --- [RMI TCP Connection(14)-127.0.0.1] o.s.s.concurrent.ThreadPoolTaskExecutor  : Shutting down ExecutorService 'applicationTaskExecutor'
2021-02-16 11:00:36.270  INFO 10624 --- [RMI TCP Connection(14)-127.0.0.1] com.zaxxer.hikari.HikariDataSource       : HikariPool-1 - Shutdown initiated...
2021-02-16 11:00:36.288  INFO 10624 --- [RMI TCP Connection(14)-127.0.0.1] com.zaxxer.hikari.HikariDataSource       : HikariPool-1 - Shutdown completed.
